<?xml version="1.0" encoding="UTF-8"?>
<!-- Generated by org.testng.reporters.JUnitReportReporter -->
<testsuite hostname="DESKTOP-EI8GRRN" failures="0" tests="2" name="testClasses.VerifyUserCanAddNewAddress" time="10.776" errors="0" timestamp="2022-07-23T20:04:07 IST" skipped="0">
  <testcase classname="testClasses.VerifyUserCanAddNewAddress" name="verifyUserCanGoToProfilePage" time="5.023"/>
  <system-out/>
  <testcase classname="testClasses.VerifyUserCanAddNewAddress" name="verifyUserCanAddAddress" time="5.753"/>
  <system-out/>
</testsuite> <!-- testClasses.VerifyUserCanAddNewAddress -->
