<?xml version="1.0" encoding="UTF-8"?>
<!-- Generated by org.testng.reporters.JUnitReportReporter -->
<testsuite hostname="DESKTOP-EI8GRRN" failures="0" tests="1" name="testClasses.VerifyUserCanLogin" time="2.592" errors="0" timestamp="2022-07-23T20:04:07 IST" skipped="0">
  <testcase classname="testClasses.VerifyUserCanLogin" name="verifyUserCanLogin" time="2.592"/>
  <system-out/>
</testsuite> <!-- testClasses.VerifyUserCanLogin -->
